<?xml version="1.0" encoding="UTF-8"?>
<!-- Generated by org.testng.reporters.JUnitReportReporter -->
<testsuite hostname="mobinius" failures="0" tests="2" name="Java.Annum" time="0.007" errors="0" timestamp="8 Mar 2019 12:37:29 GMT">
  <testcase classname="Java.Annum" name="testCase1" time="0.006"/>
  <testcase classname="Java.Annum" name="testCase2" time="0.001"/>
</testsuite> <!-- Java.Annum -->
